f:\new folder\google drive\full sail courses\october 2014\data structures\project2a-storeandinventory_bc70184a-a5c7-4d3c-b36b-ec535922ea27\data project 2\data project 2\debug\vc120.pdb
f:\new folder\google drive\full sail courses\october 2014\data structures\project2a-storeandinventory_bc70184a-a5c7-4d3c-b36b-ec535922ea27\data project 2\data project 2\debug\vc120.idb
f:\new folder\google drive\full sail courses\october 2014\data structures\project2a-storeandinventory_bc70184a-a5c7-4d3c-b36b-ec535922ea27\data project 2\data project 2\debug\dtsproject2.obj
f:\new folder\google drive\full sail courses\october 2014\data structures\project2a-storeandinventory_bc70184a-a5c7-4d3c-b36b-ec535922ea27\data project 2\data project 2\debug\store.obj
f:\new folder\google drive\full sail courses\october 2014\data structures\project2a-storeandinventory_bc70184a-a5c7-4d3c-b36b-ec535922ea27\data project 2\debug\data project 2.ilk
f:\new folder\google drive\full sail courses\october 2014\data structures\project2a-storeandinventory_bc70184a-a5c7-4d3c-b36b-ec535922ea27\data project 2\debug\data project 2.exe
f:\new folder\google drive\full sail courses\october 2014\data structures\project2a-storeandinventory_bc70184a-a5c7-4d3c-b36b-ec535922ea27\data project 2\debug\data project 2.pdb
d:\full sail courses\october 2014\data structures\project2a-storeandinventory_bc70184a-a5c7-4d3c-b36b-ec535922ea27\data project 2\data project 2\debug\dtsproject2.obj
d:\full sail courses\october 2014\data structures\project2a-storeandinventory_bc70184a-a5c7-4d3c-b36b-ec535922ea27\data project 2\data project 2\debug\store.obj
d:\full sail courses\october 2014\data structures\project2a-storeandinventory_bc70184a-a5c7-4d3c-b36b-ec535922ea27\data project 2\data project 2\debug\vc120.idb
d:\full sail courses\october 2014\data structures\project2a-storeandinventory_bc70184a-a5c7-4d3c-b36b-ec535922ea27\data project 2\data project 2\debug\vc120.pdb
d:\full sail courses\october 2014\data structures\project2a-storeandinventory_bc70184a-a5c7-4d3c-b36b-ec535922ea27\data project 2\debug\data project 2.pdb
d:\full sail courses\october 2014\data structures\project2a-storeandinventory_bc70184a-a5c7-4d3c-b36b-ec535922ea27\data project 2\debug\data project 2.exe
d:\full sail courses\october 2014\data structures\project2a-storeandinventory_bc70184a-a5c7-4d3c-b36b-ec535922ea27\data project 2\debug\data project 2.ilk
d:\full sail courses\october 2014\data structures\project2a-storeandinventory_bc70184a-a5c7-4d3c-b36b-ec535922ea27\data project 2\data project 2\debug\data project 2.tlog\cl.command.1.tlog
d:\full sail courses\october 2014\data structures\project2a-storeandinventory_bc70184a-a5c7-4d3c-b36b-ec535922ea27\data project 2\data project 2\debug\data project 2.tlog\cl.read.1.tlog
d:\full sail courses\october 2014\data structures\project2a-storeandinventory_bc70184a-a5c7-4d3c-b36b-ec535922ea27\data project 2\data project 2\debug\data project 2.tlog\cl.write.1.tlog
d:\full sail courses\october 2014\data structures\project2a-storeandinventory_bc70184a-a5c7-4d3c-b36b-ec535922ea27\data project 2\data project 2\debug\data project 2.tlog\link.command.1.tlog
d:\full sail courses\october 2014\data structures\project2a-storeandinventory_bc70184a-a5c7-4d3c-b36b-ec535922ea27\data project 2\data project 2\debug\data project 2.tlog\link.read.1.tlog
d:\full sail courses\october 2014\data structures\project2a-storeandinventory_bc70184a-a5c7-4d3c-b36b-ec535922ea27\data project 2\data project 2\debug\data project 2.tlog\link.write.1.tlog
